0 verbose cli /usr/local/bin/node /usr/local/bin/npm
1 info using npm@8.11.0
2 info using node@v16.16.0
3 timing npm:load:whichnode Completed in 0ms
4 timing config:load:defaults Completed in 1ms
5 timing config:load:file:/usr/local/lib/node_modules/npm/npmrc Completed in 0ms
6 timing config:load:builtin Completed in 1ms
7 warn config production Use `--omit=dev` instead.
8 timing config:load:cli Completed in 2ms
9 timing config:load:env Completed in 0ms
10 timing config:load:file:/data/.npmrc Completed in 1ms
11 timing config:load:project Completed in 2ms
12 timing config:load:file:/usr/src/node-red/.npmrc Completed in 2ms
13 timing config:load:user Completed in 2ms
14 timing config:load:file:/usr/local/etc/npmrc Completed in 4ms
15 timing config:load:global Completed in 5ms
16 timing config:load:validate Completed in 0ms
17 timing config:load:credentials Completed in 1ms
18 timing config:load:setEnvs Completed in 1ms
19 timing config:load Completed in 17ms
20 timing npm:load:configload Completed in 17ms
21 timing npm:load:mkdirpcache Completed in 1ms
22 timing npm:load:mkdirplogs Completed in 0ms
23 verbose title npm install node-red-contrib-home-assistant@0.3.2
24 verbose argv "install" "--no-audit" "--no-update-notifier" "--no-fund" "--save" "--save-prefix" "~" "--production" "--engine-strict" "node-red-contrib-home-assistant@0.3.2"
25 timing npm:load:setTitle Completed in 1ms
26 timing config:load:flatten Completed in 4ms
27 timing npm:load:display Completed in 6ms
28 verbose logfile logs-max:10 dir:/data/.npm/_logs
29 verbose logfile /data/.npm/_logs/2025-02-10T17_58_24_349Z-debug-0.log
30 timing npm:load:logFile Completed in 6ms
31 timing npm:load:timers Completed in 0ms
32 timing npm:load:configScope Completed in 0ms
33 timing npm:load Completed in 32ms
34 timing arborist:ctor Completed in 1ms
35 silly logfile done cleaning log files
36 timing arborist:ctor Completed in 0ms
37 timing idealTree:init Completed in 10ms
38 timing idealTree:userRequests Completed in 19ms
39 silly idealTree buildDeps
40 silly fetch manifest node-red-contrib-home-assistant@0.3.2
41 silly placeDep ROOT node-red-contrib-home-assistant@ OK for: node-red-project@0.0.1 want: 0.3.2
42 timing idealTree:#root Completed in 85087ms
43 timing idealTree:node_modules/node-red-contrib-home-assistant Completed in 0ms
44 timing idealTree:buildDeps Completed in 85090ms
45 timing idealTree:fixDepFlags Completed in 2ms
46 timing idealTree Completed in 85122ms
47 timing command:install Completed in 85129ms
48 verbose type system
49 verbose stack FetchError: request to https://registry.npmjs.org/node-red-contrib-home-assistant failed, reason: getaddrinfo EAI_AGAIN registry.npmjs.org
49 verbose stack     at ClientRequest.<anonymous> (/usr/local/lib/node_modules/npm/node_modules/minipass-fetch/lib/index.js:130:14)
49 verbose stack     at ClientRequest.emit (node:events:527:28)
49 verbose stack     at TLSSocket.socketErrorListener (node:_http_client:454:9)
49 verbose stack     at TLSSocket.emit (node:events:539:35)
49 verbose stack     at emitErrorNT (node:internal/streams/destroy:157:8)
49 verbose stack     at emitErrorCloseNT (node:internal/streams/destroy:122:3)
49 verbose stack     at processTicksAndRejections (node:internal/process/task_queues:83:21)
50 verbose cwd /data
51 verbose Linux 6.8.0-52-generic
52 verbose node v16.16.0
53 verbose npm  v8.11.0
54 error code EAI_AGAIN
55 error syscall getaddrinfo
56 error errno EAI_AGAIN
57 error request to https://registry.npmjs.org/node-red-contrib-home-assistant failed, reason: getaddrinfo EAI_AGAIN registry.npmjs.org
58 verbose exit 1
59 timing npm Completed in 85399ms
60 verbose unfinished npm timer reify 1739210304608
61 verbose unfinished npm timer reify:loadTrees 1739210304610
62 verbose code 1
63 error A complete log of this run can be found in:
63 error     /data/.npm/_logs/2025-02-10T17_58_24_349Z-debug-0.log
